d:\work\genesis\bin-init\debug-windows-x86_64\genesisengine\genesisengine.pch
d:\work\genesis\bin-init\debug-windows-x86_64\genesisengine\genesisengine.pdb
d:\work\genesis\bin-init\debug-windows-x86_64\genesisengine\genesisengine.idb
d:\work\genesis\bin-init\debug-windows-x86_64\genesisengine\pch.obj
d:\work\genesis\bin-init\debug-windows-x86_64\genesisengine\imguizmo.obj
d:\work\genesis\bin-init\debug-windows-x86_64\genesisengine\camera.obj
d:\work\genesis\bin-init\debug-windows-x86_64\genesisengine\scenecamera.obj
d:\work\genesis\bin-init\debug-windows-x86_64\genesisengine\openglcontext.obj
d:\work\genesis\bin-init\debug-windows-x86_64\genesisengine\openglshader.obj
d:\work\genesis\bin-init\debug-windows-x86_64\genesisengine\rendercommand.obj
d:\work\genesis\bin-init\debug-windows-x86_64\genesisengine\renderer2d.obj
d:\work\genesis\bin-init\debug-windows-x86_64\genesisengine\vertexarray.obj
d:\work\genesis\bin-init\debug-windows-x86_64\genesisengine\sceneserializer.obj
d:\work\genesis\bin-init\debug-windows-x86_64\genesisengine\orthographiccamera.obj
d:\work\genesis\bin-init\debug-windows-x86_64\genesisengine\guizmomath.obj
d:\work\genesis\bin-init\debug-windows-x86_64\genesisengine\openglframebuffer.obj
d:\work\genesis\bin-init\debug-windows-x86_64\genesisengine\platformutility.obj
d:\work\genesis\bin-init\debug-windows-x86_64\genesisengine\buffer.obj
d:\work\genesis\bin-init\debug-windows-x86_64\genesisengine\shader.obj
d:\work\genesis\bin-init\debug-windows-x86_64\genesisengine\component.obj
d:\work\genesis\bin-init\debug-windows-x86_64\genesisengine\window.obj
d:\work\genesis\bin-init\debug-windows-x86_64\genesisengine\application.obj
d:\work\genesis\bin-init\debug-windows-x86_64\genesisengine\log.obj
d:\work\genesis\bin-init\debug-windows-x86_64\genesisengine\stb_image.obj
d:\work\genesis\bin-init\debug-windows-x86_64\genesisengine\orthographiccameracontroller.obj
d:\work\genesis\bin-init\debug-windows-x86_64\genesisengine\imguilayer.obj
d:\work\genesis\bin-init\debug-windows-x86_64\genesisengine\openglvertexarray.obj
d:\work\genesis\bin-init\debug-windows-x86_64\genesisengine\windowswindow.obj
d:\work\genesis\bin-init\debug-windows-x86_64\genesisengine\renderer.obj
d:\work\genesis\bin-init\debug-windows-x86_64\genesisengine\subtexture2d.obj
d:\work\genesis\bin-init\debug-windows-x86_64\genesisengine\entity.obj
d:\work\genesis\bin-init\debug-windows-x86_64\genesisengine\scriptableentity.obj
d:\work\genesis\bin-init\debug-windows-x86_64\genesisengine\layer.obj
d:\work\genesis\bin-init\debug-windows-x86_64\genesisengine\layerstack.obj
d:\work\genesis\bin-init\debug-windows-x86_64\genesisengine\editorcamera.obj
d:\work\genesis\bin-init\debug-windows-x86_64\genesisengine\imguibuild.obj
d:\work\genesis\bin-init\debug-windows-x86_64\genesisengine\openglbuffer.obj
d:\work\genesis\bin-init\debug-windows-x86_64\genesisengine\openglrendererapi.obj
d:\work\genesis\bin-init\debug-windows-x86_64\genesisengine\opengltexture.obj
d:\work\genesis\bin-init\debug-windows-x86_64\genesisengine\windowsinput.obj
d:\work\genesis\bin-init\debug-windows-x86_64\genesisengine\framebuffer.obj
d:\work\genesis\bin-init\debug-windows-x86_64\genesisengine\rendererapi.obj
d:\work\genesis\bin-init\debug-windows-x86_64\genesisengine\texture.obj
d:\work\genesis\bin-init\debug-windows-x86_64\genesisengine\scene.obj
d:\work\genesis\bin\debug-windows-x86_64\genesisengine\genesisengine.lib
d:\work\genesis\bin-init\debug-windows-x86_64\genesisengine\genesisengine.tlog\cl.command.1.tlog
d:\work\genesis\bin-init\debug-windows-x86_64\genesisengine\genesisengine.tlog\cl.read.1.tlog
d:\work\genesis\bin-init\debug-windows-x86_64\genesisengine\genesisengine.tlog\cl.write.1.tlog
d:\work\genesis\bin-init\debug-windows-x86_64\genesisengine\genesisengine.tlog\lib-link.read.1.tlog
d:\work\genesis\bin-init\debug-windows-x86_64\genesisengine\genesisengine.tlog\lib-link.write.1.tlog
d:\work\genesis\bin-init\debug-windows-x86_64\genesisengine\genesisengine.tlog\lib.command.1.tlog
